#
# There is insufficient memory for the Java Runtime Environment to continue.
# Native memory allocation (malloc) failed to allocate 595776 bytes for Chunk::new
# Possible reasons:
#   The system is out of physical RAM or swap space
#   The process is running with CompressedOops enabled, and the Java Heap may be blocking the growth of the native heap
# Possible solutions:
#   Reduce memory load on the system
#   Increase physical memory or swap space
#   Check if swap backing store is full
#   Decrease Java heap size (-Xmx/-Xms)
#   Decrease number of Java threads
#   Decrease Java thread stack sizes (-Xss)
#   Set larger code cache with -XX:ReservedCodeCacheSize=
#   JVM is running with Zero Based Compressed Oops mode in which the Java heap is
#     placed in the first 32GB address space. The Java Heap base address is the
#     maximum limit for the native heap growth. Please use -XX:HeapBaseMinAddress
#     to set the Java Heap base and to place the Java Heap above 32GB virtual address.
# This output file may be truncated or incomplete.
#
#  Out of Memory Error (arena.cpp:189), pid=38604, tid=13812
#
# JRE version: Java(TM) SE Runtime Environment (17.0.5+9) (build 17.0.5+9-LTS-191)
# Java VM: Java HotSpot(TM) 64-Bit Server VM (17.0.5+9-LTS-191, mixed mode, sharing, tiered, compressed oops, compressed class ptrs, g1 gc, windows-amd64)
# No core dump will be written. Minidumps are not enabled by default on client versions of Windows
#

---------------  S U M M A R Y ------------

Command Line: -XX:+ShowCodeDetailsInExceptionMessages --module-path=C:\Users\ewong\Desktop\Github Tests\ctis310finalproject\target\classes;C:\Users\ewong\.m2\repository\org\openjfx\javafx-controls\13\javafx-controls-13-win.jar;C:\Users\ewong\.m2\repository\org\openjfx\javafx-graphics\13\javafx-graphics-13-win.jar;C:\Users\ewong\.m2\repository\org\openjfx\javafx-base\13\javafx-base-13-win.jar;C:\Users\ewong\.m2\repository\org\openjfx\javafx-fxml\13\javafx-fxml-13-win.jar -Djdk.module.main=com.example com.example/edu.guilford.CarFX

Host: AMD Ryzen 9 5900HX with Radeon Graphics        , 16 cores, 39G,  Windows 11 , 64 bit Build 22621 (10.0.22621.1485)
Time: Wed May 10 20:59:43 2023 Eastern Daylight Time elapsed time: 1.252320 seconds (0d 0h 0m 1s)

---------------  T H R E A D  ---------------

Current thread (0x0000023d41b30d20):  JavaThread "C2 CompilerThread0" daemon [_thread_in_native, id=13812, stack(0x00000093ddd00000,0x00000093dde00000)]


Current CompileTask:
C2:   1252 1780       4       javafx.css.CompoundSelector::applies (144 bytes)

Stack: [0x00000093ddd00000,0x00000093dde00000]
Native frames: (J=compiled Java code, j=interpreted, Vv=VM code, C=native code)
V  [jvm.dll+0x672eea]
V  [jvm.dll+0x7d2a04]
V  [jvm.dll+0x7d41ae]
V  [jvm.dll+0x7d4813]
V  [jvm.dll+0x242c15]
V  [jvm.dll+0xaa57b]
V  [jvm.dll+0xaab0c]
V  [jvm.dll+0x2a997f]
V  [jvm.dll+0x57b307]
V  [jvm.dll+0x21de72]
V  [jvm.dll+0x21e24f]
V  [jvm.dll+0x217b15]
V  [jvm.dll+0x214fdb]
V  [jvm.dll+0x1a18ed]
V  [jvm.dll+0x22493a]
V  [jvm.dll+0x222aa5]
V  [jvm.dll+0x7885db]
V  [jvm.dll+0x782b4a]
V  [jvm.dll+0x671d75]
C  [ucrtbase.dll+0x29363]
C  [KERNEL32.DLL+0x1269d]
C  [ntdll.dll+0x5a9f8]


---------------  P R O C E S S  ---------------

Threads class SMR info:
_java_thread_list=0x0000023d4ac03220, length=23, elements={
0x0000023d10edef20, 0x0000023d41b11130, 0x0000023d41b119f0, 0x0000023d41b2ced0,
0x0000023d41b2d790, 0x0000023d41b2e050, 0x0000023d41b2e910, 0x0000023d41b30d20,
0x0000023d41b34b20, 0x0000023d41b47bf0, 0x0000023d427159e0, 0x0000023d42774440,
0x0000023d427ebba0, 0x0000023d427ec0b0, 0x0000023d43960cd0, 0x0000023d43b53fd0,
0x0000023d4411d000, 0x0000023d4411d7f0, 0x0000023d44055b10, 0x0000023d44064f50,
0x0000023d442477c0, 0x0000023d44293930, 0x0000023d4a4d4580
}

Java Threads: ( => current thread )
  0x0000023d10edef20 JavaThread "main" [_thread_blocked, id=38392, stack(0x00000093dd000000,0x00000093dd100000)]
  0x0000023d41b11130 JavaThread "Reference Handler" daemon [_thread_blocked, id=27164, stack(0x00000093dd700000,0x00000093dd800000)]
  0x0000023d41b119f0 JavaThread "Finalizer" daemon [_thread_blocked, id=31080, stack(0x00000093dd800000,0x00000093dd900000)]
  0x0000023d41b2ced0 JavaThread "Signal Dispatcher" daemon [_thread_blocked, id=29056, stack(0x00000093dd900000,0x00000093dda00000)]
  0x0000023d41b2d790 JavaThread "Attach Listener" daemon [_thread_blocked, id=10360, stack(0x00000093dda00000,0x00000093ddb00000)]
  0x0000023d41b2e050 JavaThread "Service Thread" daemon [_thread_blocked, id=14204, stack(0x00000093ddb00000,0x00000093ddc00000)]
  0x0000023d41b2e910 JavaThread "Monitor Deflation Thread" daemon [_thread_blocked, id=24916, stack(0x00000093ddc00000,0x00000093ddd00000)]
=>0x0000023d41b30d20 JavaThread "C2 CompilerThread0" daemon [_thread_in_native, id=13812, stack(0x00000093ddd00000,0x00000093dde00000)]
  0x0000023d41b34b20 JavaThread "C1 CompilerThread0" daemon [_thread_blocked, id=10380, stack(0x00000093dde00000,0x00000093ddf00000)]
  0x0000023d41b47bf0 JavaThread "Sweeper thread" daemon [_thread_blocked, id=40864, stack(0x00000093ddf00000,0x00000093de000000)]
  0x0000023d427159e0 JavaThread "Common-Cleaner" daemon [_thread_blocked, id=33860, stack(0x00000093de000000,0x00000093de100000)]
  0x0000023d42774440 JavaThread "C1 CompilerThread1" daemon [_thread_blocked, id=39256, stack(0x00000093de100000,0x00000093de200000)]
  0x0000023d427ebba0 JavaThread "C1 CompilerThread2" daemon [_thread_blocked, id=30944, stack(0x00000093de200000,0x00000093de300000)]
  0x0000023d427ec0b0 JavaThread "C1 CompilerThread3" daemon [_thread_blocked, id=38036, stack(0x00000093de300000,0x00000093de400000)]
  0x0000023d43960cd0 JavaThread "Notification Thread" daemon [_thread_blocked, id=34148, stack(0x00000093de800000,0x00000093de900000)]
  0x0000023d43b53fd0 JavaThread "QuantumRenderer-0" daemon [_thread_in_vm, id=17776, stack(0x00000093dea00000,0x00000093deb00000)]
  0x0000023d4411d000 JavaThread "InvokeLaterDispatcher" daemon [_thread_blocked, id=29340, stack(0x00000093ded00000,0x00000093dee00000)]
  0x0000023d4411d7f0 JavaThread "JavaFX Application Thread" [_thread_blocked, id=11832, stack(0x00000093dee00000,0x00000093def00000)]
  0x0000023d44055b10 JavaThread "JavaFX-Launcher" [_thread_blocked, id=31732, stack(0x00000093df600000,0x00000093df700000)]
  0x0000023d44064f50 JavaThread "Thread-2" daemon [_thread_in_native, id=32644, stack(0x00000093df500000,0x00000093df600000)]
  0x0000023d442477c0 JavaThread "C2 CompilerThread1" daemon [_thread_in_native, id=10056, stack(0x00000093e0300000,0x00000093e0400000)]
  0x0000023d44293930 JavaThread "C2 CompilerThread2" daemon [_thread_in_native, id=5348, stack(0x00000093e0400000,0x00000093e0500000)]
  0x0000023d4a4d4580 JavaThread "Prism Font Disposer" daemon [_thread_blocked, id=35364, stack(0x00000093e0600000,0x00000093e0700000)]

Other Threads:
  0x0000023d41b097d0 VMThread "VM Thread" [stack: 0x00000093dd600000,0x00000093dd700000] [id=38008]
  0x0000023d42979310 WatcherThread [stack: 0x00000093de900000,0x00000093dea00000] [id=37412]
  0x0000023d10f7eb00 GCTaskThread "GC Thread#0" [stack: 0x00000093dd100000,0x00000093dd200000] [id=1916]
  0x0000023d4464a320 GCTaskThread "GC Thread#1" [stack: 0x00000093df700000,0x00000093df800000] [id=36472]
  0x0000023d4464a5d0 GCTaskThread "GC Thread#2" [stack: 0x00000093df800000,0x00000093df900000] [id=37296]
  0x0000023d4464a880 GCTaskThread "GC Thread#3" [stack: 0x00000093df900000,0x00000093dfa00000] [id=39932]
  0x0000023d4465b6f0 GCTaskThread "GC Thread#4" [stack: 0x00000093dfa00000,0x00000093dfb00000] [id=37008]
  0x0000023d4465a980 GCTaskThread "GC Thread#5" [stack: 0x00000093dfb00000,0x00000093dfc00000] [id=39584]
  0x0000023d4465a170 GCTaskThread "GC Thread#6" [stack: 0x00000093dfc00000,0x00000093dfd00000] [id=27268]
  0x0000023d4465ac30 GCTaskThread "GC Thread#7" [stack: 0x00000093dfd00000,0x00000093dfe00000] [id=23188]
  0x0000023d4465b9a0 GCTaskThread "GC Thread#8" [stack: 0x00000093dfe00000,0x00000093dff00000] [id=38884]
  0x0000023d4465a420 GCTaskThread "GC Thread#9" [stack: 0x00000093dff00000,0x00000093e0000000] [id=40500]
  0x0000023d4465aee0 GCTaskThread "GC Thread#10" [stack: 0x00000093e0000000,0x00000093e0100000] [id=21148]
  0x0000023d4465a6d0 GCTaskThread "GC Thread#11" [stack: 0x00000093e0100000,0x00000093e0200000] [id=27192]
  0x0000023d4465b190 GCTaskThread "GC Thread#12" [stack: 0x00000093e0200000,0x00000093e0300000] [id=29156]
  0x0000023d10f89730 ConcurrentGCThread "G1 Main Marker" [stack: 0x00000093dd200000,0x00000093dd300000] [id=32228]
  0x0000023d10f89f50 ConcurrentGCThread "G1 Conc#0" [stack: 0x00000093dd300000,0x00000093dd400000] [id=38524]
  0x0000023d41a50030 ConcurrentGCThread "G1 Refine#0" [stack: 0x00000093dd400000,0x00000093dd500000] [id=3876]
  0x0000023d41a50700 ConcurrentGCThread "G1 Service" [stack: 0x00000093dd500000,0x00000093dd600000] [id=33564]

Threads with active compile tasks:
C2 CompilerThread0     1278 1780       4       javafx.css.CompoundSelector::applies (144 bytes)
C2 CompilerThread2     1278 1926       4       javafx.scene.CssStyleHelper::getStyle (162 bytes)

VM state: not at safepoint (normal execution)

VM Mutex/Monitor currently owned by a thread: None

Heap address: 0x000000058a000000, size: 10080 MB, Compressed Oops mode: Zero based, Oop shift amount: 3

CDS archive(s) mapped at: [0x0000000800000000-0x0000000800bd0000-0x0000000800bd0000), size 12386304, SharedBaseAddress: 0x0000000800000000, ArchiveRelocationMode: 0.
Compressed class space mapped at: 0x0000000800c00000-0x0000000840c00000, reserved size: 1073741824
Narrow klass base: 0x0000000800000000, Narrow klass shift: 0, Narrow klass range: 0x100000000

GC Precious Log:
 CPUs: 16 total, 16 available
 Memory: 40296M
 Large Page Support: Disabled
 NUMA Support: Disabled
 Compressed Oops: Enabled (Zero based)
 Heap Region Size: 8M
 Heap Min Capacity: 8M
 Heap Initial Capacity: 632M
 Heap Max Capacity: 10080M
 Pre-touch: Disabled
 Parallel Workers: 13
 Concurrent Workers: 3
 Concurrent Refinement Workers: 13
 Periodic GC: Disabled

Heap:
 garbage-first heap   total 647168K, used 35463K [0x000000058a000000, 0x0000000800000000)
  region size 8192K, 6 young (49152K), 1 survivors (8192K)
 Metaspace       used 13750K, committed 13952K, reserved 1064960K
  class space    used 2140K, committed 2240K, reserved 1048576K

Heap Regions: E=young(eden), S=young(survivor), O=old, HS=humongous(starts), HC=humongous(continues), CS=collection set, F=free, OA=open archive, CA=closed archive, TAMS=top-at-mark-start (previous, next)
|   0|0x000000058a000000, 0x000000058a000000, 0x000000058a800000|  0%| F|  |TAMS 0x000000058a000000, 0x000000058a000000| Untracked 
|   1|0x000000058a800000, 0x000000058a800000, 0x000000058b000000|  0%| F|  |TAMS 0x000000058a800000, 0x000000058a800000| Untracked 
|   2|0x000000058b000000, 0x000000058b000000, 0x000000058b800000|  0%| F|  |TAMS 0x000000058b000000, 0x000000058b000000| Untracked 
|   3|0x000000058b800000, 0x000000058b800000, 0x000000058c000000|  0%| F|  |TAMS 0x000000058b800000, 0x000000058b800000| Untracked 
|   4|0x000000058c000000, 0x000000058c000000, 0x000000058c800000|  0%| F|  |TAMS 0x000000058c000000, 0x000000058c000000| Untracked 
|   5|0x000000058c800000, 0x000000058c800000, 0x000000058d000000|  0%| F|  |TAMS 0x000000058c800000, 0x000000058c800000| Untracked 
|   6|0x000000058d000000, 0x000000058d000000, 0x000000058d800000|  0%| F|  |TAMS 0x000000058d000000, 0x000000058d000000| Untracked 
|   7|0x000000058d800000, 0x000000058d800000, 0x000000058e000000|  0%| F|  |TAMS 0x000000058d800000, 0x000000058d800000| Untracked 
|   8|0x000000058e000000, 0x000000058e000000, 0x000000058e800000|  0%| F|  |TAMS 0x000000058e000000, 0x000000058e000000| Untracked 
|   9|0x000000058e800000, 0x000000058e800000, 0x000000058f000000|  0%| F|  |TAMS 0x000000058e800000, 0x000000058e800000| Untracked 
|  10|0x000000058f000000, 0x000000058f000000, 0x000000058f800000|  0%| F|  |TAMS 0x000000058f000000, 0x000000058f000000| Untracked 
|  11|0x000000058f800000, 0x000000058f800000, 0x0000000590000000|  0%| F|  |TAMS 0x000000058f800000, 0x000000058f800000| Untracked 
|  12|0x0000000590000000, 0x0000000590000000, 0x0000000590800000|  0%| F|  |TAMS 0x0000000590000000, 0x0000000590000000| Untracked 
|  13|0x0000000590800000, 0x0000000590800000, 0x0000000591000000|  0%| F|  |TAMS 0x0000000590800000, 0x0000000590800000| Untracked 
|  14|0x0000000591000000, 0x0000000591000000, 0x0000000591800000|  0%| F|  |TAMS 0x0000000591000000, 0x0000000591000000| Untracked 
|  15|0x0000000591800000, 0x0000000591800000, 0x0000000592000000|  0%| F|  |TAMS 0x0000000591800000, 0x0000000591800000| Untracked 
|  16|0x0000000592000000, 0x0000000592000000, 0x0000000592800000|  0%| F|  |TAMS 0x0000000592000000, 0x0000000592000000| Untracked 
|  17|0x0000000592800000, 0x0000000592800000, 0x0000000593000000|  0%| F|  |TAMS 0x0000000592800000, 0x0000000592800000| Untracked 
|  18|0x0000000593000000, 0x0000000593000000, 0x0000000593800000|  0%| F|  |TAMS 0x0000000593000000, 0x0000000593000000| Untracked 
|  19|0x0000000593800000, 0x0000000593800000, 0x0000000594000000|  0%| F|  |TAMS 0x0000000593800000, 0x0000000593800000| Untracked 
|  20|0x0000000594000000, 0x0000000594000000, 0x0000000594800000|  0%| F|  |TAMS 0x0000000594000000, 0x0000000594000000| Untracked 
|  21|0x0000000594800000, 0x0000000594800000, 0x0000000595000000|  0%| F|  |TAMS 0x0000000594800000, 0x0000000594800000| Untracked 
|  22|0x0000000595000000, 0x0000000595000000, 0x0000000595800000|  0%| F|  |TAMS 0x0000000595000000, 0x0000000595000000| Untracked 
|  23|0x0000000595800000, 0x0000000595800000, 0x0000000596000000|  0%| F|  |TAMS 0x0000000595800000, 0x0000000595800000| Untracked 
|  24|0x0000000596000000, 0x0000000596000000, 0x0000000596800000|  0%| F|  |TAMS 0x0000000596000000, 0x0000000596000000| Untracked 
|  25|0x0000000596800000, 0x0000000596800000, 0x0000000597000000|  0%| F|  |TAMS 0x0000000596800000, 0x0000000596800000| Untracked 
|  26|0x0000000597000000, 0x0000000597000000, 0x0000000597800000|  0%| F|  |TAMS 0x0000000597000000, 0x0000000597000000| Untracked 
|  27|0x0000000597800000, 0x0000000597800000, 0x0000000598000000|  0%| F|  |TAMS 0x0000000597800000, 0x0000000597800000| Untracked 
|  28|0x0000000598000000, 0x0000000598000000, 0x0000000598800000|  0%| F|  |TAMS 0x0000000598000000, 0x0000000598000000| Untracked 
|  29|0x0000000598800000, 0x0000000598800000, 0x0000000599000000|  0%| F|  |TAMS 0x0000000598800000, 0x0000000598800000| Untracked 
|  30|0x0000000599000000, 0x0000000599000000, 0x0000000599800000|  0%| F|  |TAMS 0x0000000599000000, 0x0000000599000000| Untracked 
|  31|0x0000000599800000, 0x0000000599800000, 0x000000059a000000|  0%| F|  |TAMS 0x0000000599800000, 0x0000000599800000| Untracked 
|  32|0x000000059a000000, 0x000000059a000000, 0x000000059a800000|  0%| F|  |TAMS 0x000000059a000000, 0x000000059a000000| Untracked 
|  33|0x000000059a800000, 0x000000059a800000, 0x000000059b000000|  0%| F|  |TAMS 0x000000059a800000, 0x000000059a800000| Untracked 
|  34|0x000000059b000000, 0x000000059b000000, 0x000000059b800000|  0%| F|  |TAMS 0x000000059b000000, 0x000000059b000000| Untracked 
|  35|0x000000059b800000, 0x000000059b800000, 0x000000059c000000|  0%| F|  |TAMS 0x000000059b800000, 0x000000059b800000| Untracked 
|  36|0x000000059c000000, 0x000000059c000000, 0x000000059c800000|  0%| F|  |TAMS 0x000000059c000000, 0x000000059c000000| Untracked 
|  37|0x000000059c800000, 0x000000059c800000, 0x000000059d000000|  0%| F|  |TAMS 0x000000059c800000, 0x000000059c800000| Untracked 
|  38|0x000000059d000000, 0x000000059d000000, 0x000000059d800000|  0%| F|  |TAMS 0x000000059d000000, 0x000000059d000000| Untracked 
|  39|0x000000059d800000, 0x000000059d800000, 0x000000059e000000|  0%| F|  |TAMS 0x000000059d800000, 0x000000059d800000| Untracked 
|  40|0x000000059e000000, 0x000000059e000000, 0x000000059e800000|  0%| F|  |TAMS 0x000000059e000000, 0x000000059e000000| Untracked 
|  41|0x000000059e800000, 0x000000059e800000, 0x000000059f000000|  0%| F|  |TAMS 0x000000059e800000, 0x000000059e800000| Untracked 
|  42|0x000000059f000000, 0x000000059f000000, 0x000000059f800000|  0%| F|  |TAMS 0x000000059f000000, 0x000000059f000000| Untracked 
|  43|0x000000059f800000, 0x000000059f800000, 0x00000005a0000000|  0%| F|  |TAMS 0x000000059f800000, 0x000000059f800000| Untracked 
|  44|0x00000005a0000000, 0x00000005a0000000, 0x00000005a0800000|  0%| F|  |TAMS 0x00000005a0000000, 0x00000005a0000000| Untracked 
|  45|0x00000005a0800000, 0x00000005a0800000, 0x00000005a1000000|  0%| F|  |TAMS 0x00000005a0800000, 0x00000005a0800000| Untracked 
|  46|0x00000005a1000000, 0x00000005a1000000, 0x00000005a1800000|  0%| F|  |TAMS 0x00000005a1000000, 0x00000005a1000000| Untracked 
|  47|0x00000005a1800000, 0x00000005a1800000, 0x00000005a2000000|  0%| F|  |TAMS 0x00000005a1800000, 0x00000005a1800000| Untracked 
|  48|0x00000005a2000000, 0x00000005a2000000, 0x00000005a2800000|  0%| F|  |TAMS 0x00000005a2000000, 0x00000005a2000000| Untracked 
|  49|0x00000005a2800000, 0x00000005a2800000, 0x00000005a3000000|  0%| F|  |TAMS 0x00000005a2800000, 0x00000005a2800000| Untracked 
|  50|0x00000005a3000000, 0x00000005a3000000, 0x00000005a3800000|  0%| F|  |TAMS 0x00000005a3000000, 0x00000005a3000000| Untracked 
|  51|0x00000005a3800000, 0x00000005a3800000, 0x00000005a4000000|  0%| F|  |TAMS 0x00000005a3800000, 0x00000005a3800000| Untracked 
|  52|0x00000005a4000000, 0x00000005a4000000, 0x00000005a4800000|  0%| F|  |TAMS 0x00000005a4000000, 0x00000005a4000000| Untracked 
|  53|0x00000005a4800000, 0x00000005a4800000, 0x00000005a5000000|  0%| F|  |TAMS 0x00000005a4800000, 0x00000005a4800000| Untracked 
|  54|0x00000005a5000000, 0x00000005a5000000, 0x00000005a5800000|  0%| F|  |TAMS 0x00000005a5000000, 0x00000005a5000000| Untracked 
|  55|0x00000005a5800000, 0x00000005a5800000, 0x00000005a6000000|  0%| F|  |TAMS 0x00000005a5800000, 0x00000005a5800000| Untracked 
|  56|0x00000005a6000000, 0x00000005a6000000, 0x00000005a6800000|  0%| F|  |TAMS 0x00000005a6000000, 0x00000005a6000000| Untracked 
|  57|0x00000005a6800000, 0x00000005a6800000, 0x00000005a7000000|  0%| F|  |TAMS 0x00000005a6800000, 0x00000005a6800000| Untracked 
|  58|0x00000005a7000000, 0x00000005a7000000, 0x00000005a7800000|  0%| F|  |TAMS 0x00000005a7000000, 0x00000005a7000000| Untracked 
|  59|0x00000005a7800000, 0x00000005a7800000, 0x00000005a8000000|  0%| F|  |TAMS 0x00000005a7800000, 0x00000005a7800000| Untracked 
|  60|0x00000005a8000000, 0x00000005a8000000, 0x00000005a8800000|  0%| F|  |TAMS 0x00000005a8000000, 0x00000005a8000000| Untracked 
|  61|0x00000005a8800000, 0x00000005a8800000, 0x00000005a9000000|  0%| F|  |TAMS 0x00000005a8800000, 0x00000005a8800000| Untracked 
|  62|0x00000005a9000000, 0x00000005a9000000, 0x00000005a9800000|  0%| F|  |TAMS 0x00000005a9000000, 0x00000005a9000000| Untracked 
|  63|0x00000005a9800000, 0x00000005a9800000, 0x00000005aa000000|  0%| F|  |TAMS 0x00000005a9800000, 0x00000005a9800000| Untracked 
|  64|0x00000005aa000000, 0x00000005aa000000, 0x00000005aa800000|  0%| F|  |TAMS 0x00000005aa000000, 0x00000005aa000000| Untracked 
|  65|0x00000005aa800000, 0x00000005aa800000, 0x00000005ab000000|  0%| F|  |TAMS 0x00000005aa800000, 0x00000005aa800000| Untracked 
|  66|0x00000005ab000000, 0x00000005ab000000, 0x00000005ab800000|  0%| F|  |TAMS 0x00000005ab000000, 0x00000005ab000000| Untracked 
|  67|0x00000005ab800000, 0x00000005ab800000, 0x00000005ac000000|  0%| F|  |TAMS 0x00000005ab800000, 0x00000005ab800000| Untracked 
|  68|0x00000005ac000000, 0x00000005ac000000, 0x00000005ac800000|  0%| F|  |TAMS 0x00000005ac000000, 0x00000005ac000000| Untracked 
|  69|0x00000005ac800000, 0x00000005ac800000, 0x00000005ad000000|  0%| F|  |TAMS 0x00000005ac800000, 0x00000005ac800000| Untracked 
|  70|0x00000005ad000000, 0x00000005ad000000, 0x00000005ad800000|  0%| F|  |TAMS 0x00000005ad000000, 0x00000005ad000000| Untracked 
|  71|0x00000005ad800000, 0x00000005ad800000, 0x00000005ae000000|  0%| F|  |TAMS 0x00000005ad800000, 0x00000005ad800000| Untracked 
|  72|0x00000005ae000000, 0x00000005ae000000, 0x00000005ae800000|  0%| F|  |TAMS 0x00000005ae000000, 0x00000005ae000000| Untracked 
|  73|0x00000005ae800000, 0x00000005aee62b28, 0x00000005af000000| 79%| E|  |TAMS 0x00000005ae800000, 0x00000005ae800000| Complete 
|  74|0x00000005af000000, 0x00000005af800000, 0x00000005af800000|100%| E|CS|TAMS 0x00000005af000000, 0x00000005af000000| Complete 
|  75|0x00000005af800000, 0x00000005afaa1fd8, 0x00000005b0000000| 32%| S|CS|TAMS 0x00000005af800000, 0x00000005af800000| Complete 
|  76|0x00000005b0000000, 0x00000005b0800000, 0x00000005b0800000|100%| E|CS|TAMS 0x00000005b0000000, 0x00000005b0000000| Complete 
|  77|0x00000005b0800000, 0x00000005b1000000, 0x00000005b1000000|100%| E|CS|TAMS 0x00000005b0800000, 0x00000005b0800000| Complete 
|  78|0x00000005b1000000, 0x00000005b1800000, 0x00000005b1800000|100%| E|CS|TAMS 0x00000005b1000000, 0x00000005b1000000| Complete 

Card table byte_map: [0x0000023d293b0000,0x0000023d2a760000] _byte_map_base: 0x0000023d26760000

Marking Bits (Prev, Next): (CMBitMap*) 0x0000023d10f7ef20, (CMBitMap*) 0x0000023d10f7ef60
 Prev Bits: [0x0000023d2bb10000, 0x0000023d35890000)
 Next Bits: [0x0000023d35890000, 0x0000023d3f610000)

Polling page: 0x0000023d106b0000

Metaspace:

Usage:
  Non-class:     11.37 MB used.
      Class:      2.09 MB used.
       Both:     13.46 MB used.

Virtual space:
  Non-class space:       16.00 MB reserved,      11.44 MB ( 71%) committed,  2 nodes.
      Class space:        1.00 GB reserved,       2.19 MB ( <1%) committed,  1 nodes.
             Both:        1.02 GB reserved,      13.62 MB (  1%) committed. 

Chunk freelists:
   Non-Class:  3.63 MB
       Class:  1.84 MB
        Both:  5.47 MB

MaxMetaspaceSize: unlimited
CompressedClassSpaceSize: 1.00 GB
Initial GC threshold: 21.00 MB
Current GC threshold: 21.00 MB
CDS: on
MetaspaceReclaimPolicy: balanced
 - commit_granule_bytes: 65536.
 - commit_granule_words: 8192.
 - virtual_space_node_default_size: 1048576.
 - enlarge_chunks_in_place: 1.
 - new_chunks_are_fully_committed: 0.
 - uncommit_free_chunks: 1.
 - use_allocation_guard: 0.
 - handle_deallocations: 1.


Internal statistics:

num_allocs_failed_limit: 0.
num_arena_births: 156.
num_arena_deaths: 0.
num_vsnodes_births: 3.
num_vsnodes_deaths: 0.
num_space_committed: 218.
num_space_uncommitted: 0.
num_chunks_returned_to_freelist: 0.
num_chunks_taken_from_freelist: 594.
num_chunk_merges: 0.
num_chunk_splits: 430.
num_chunks_enlarged: 356.
num_purges: 0.
num_inconsistent_stats: 0.

CodeHeap 'non-profiled nmethods': size=119168Kb used=725Kb max_used=725Kb free=118442Kb
 bounds [0x0000023d202f0000, 0x0000023d20560000, 0x0000023d27750000]
CodeHeap 'profiled nmethods': size=119104Kb used=4006Kb max_used=4006Kb free=115098Kb
 bounds [0x0000023d18ea0000, 0x0000023d19290000, 0x0000023d202f0000]
CodeHeap 'non-nmethods': size=7488Kb used=3094Kb max_used=3153Kb free=4393Kb
 bounds [0x0000023d18750000, 0x0000023d18a70000, 0x0000023d18ea0000]
 total_blobs=2751 nmethods=1993 adapters=667
 compilation: enabled
              stopped_count=0, restarted_count=0
 full_count=0

Compilation events (20 events):
Event: 1.239 Thread 0x0000023d42774440 nmethod 1967 0x0000023d1927b090 code [0x0000023d1927b240, 0x0000023d1927b438]
Event: 1.239 Thread 0x0000023d427ec0b0 nmethod 1966 0x0000023d1927b590 code [0x0000023d1927b740, 0x0000023d1927b9f8]
Event: 1.240 Thread 0x0000023d42774440 1968       1       java.util.concurrent.locks.AbstractOwnableSynchronizer::getExclusiveOwnerThread (5 bytes)
Event: 1.240 Thread 0x0000023d42774440 nmethod 1968 0x0000023d20395210 code [0x0000023d203953a0, 0x0000023d20395478]
Event: 1.240 Thread 0x0000023d42774440 1969       1       java.util.concurrent.locks.AbstractOwnableSynchronizer::setExclusiveOwnerThread (6 bytes)
Event: 1.241 Thread 0x0000023d42774440 nmethod 1969 0x0000023d20395510 code [0x0000023d203956a0, 0x0000023d203957b8]
Event: 1.241 Thread 0x0000023d427ebba0 1970       3       java.util.WeakHashMap$HashIterator::hasNext (95 bytes)
Event: 1.241 Thread 0x0000023d427ebba0 nmethod 1970 0x0000023d1927bb90 code [0x0000023d1927bd60, 0x0000023d1927c338]
Event: 1.241 Thread 0x0000023d427ebba0 1971       1       java.util.concurrent.locks.AbstractQueuedSynchronizer::setState (6 bytes)
Event: 1.241 Thread 0x0000023d427ebba0 nmethod 1971 0x0000023d20395810 code [0x0000023d203959a0, 0x0000023d20395a78]
Event: 1.241 Thread 0x0000023d427ebba0 1972       3       com.sun.javafx.util.Utils::assertionEnabled (24 bytes)
Event: 1.241 Thread 0x0000023d427ebba0 nmethod 1972 0x0000023d1927c510 code [0x0000023d1927c6a0, 0x0000023d1927c798]
Event: 1.242 Thread 0x0000023d427ebba0 1973  s    3       com.sun.javafx.tk.quantum.QuantumToolkit$PulseTask::set (20 bytes)
Event: 1.242 Thread 0x0000023d427ebba0 nmethod 1973 0x0000023d1927c810 code [0x0000023d1927c9e0, 0x0000023d1927cfb8]
Event: 1.243 Thread 0x0000023d427ebba0 1974       3       javafx.scene.Node::updateBounds (174 bytes)
Event: 1.243 Thread 0x0000023d41b34b20 1975       3       javafx.scene.Node::getPeer (57 bytes)
Event: 1.243 Thread 0x0000023d427ebba0 nmethod 1974 0x0000023d1927d190 code [0x0000023d1927d4c0, 0x0000023d1927eba8]
Event: 1.243 Thread 0x0000023d41b34b20 nmethod 1975 0x0000023d1927f190 code [0x0000023d1927f360, 0x0000023d1927f6f8]
Event: 1.244 Thread 0x0000023d41b34b20 1976       1       com.sun.javafx.tk.quantum.QuantumToolkit$PulseTask::get (5 bytes)
Event: 1.244 Thread 0x0000023d41b34b20 nmethod 1976 0x0000023d20395b10 code [0x0000023d20395ca0, 0x0000023d20395d78]

GC Heap History (2 events):
Event: 0.780 GC heap before
{Heap before GC invocations=0 (full 0):
 garbage-first heap   total 647168K, used 24576K [0x000000058a000000, 0x0000000800000000)
  region size 8192K, 3 young (24576K), 0 survivors (0K)
 Metaspace       used 5378K, committed 5568K, reserved 1056768K
  class space    used 671K, committed 768K, reserved 1048576K
}
Event: 0.783 GC heap after
{Heap after GC invocations=1 (full 0):
 garbage-first heap   total 647168K, used 2695K [0x000000058a000000, 0x0000000800000000)
  region size 8192K, 1 young (8192K), 1 survivors (8192K)
 Metaspace       used 5378K, committed 5568K, reserved 1056768K
  class space    used 671K, committed 768K, reserved 1048576K
}

Deoptimization events (20 events):
Event: 1.012 Thread 0x0000023d4411d7f0 Uncommon trap: trap_request=0xffffffde fr.pc=0x0000023d202fe4ac relative=0x00000000000001ac
Event: 1.012 Thread 0x0000023d4411d7f0 Uncommon trap: reason=class_check action=maybe_recompile pc=0x0000023d202fe4ac method=java.lang.String.equals(Ljava/lang/Object;)Z @ 8 c2
Event: 1.012 Thread 0x0000023d4411d7f0 DEOPT PACKING pc=0x0000023d202fe4ac sp=0x00000093deefd4a0
Event: 1.012 Thread 0x0000023d4411d7f0 DEOPT UNPACKING pc=0x0000023d187a23a3 sp=0x00000093deefd448 mode 2
Event: 1.013 Thread 0x0000023d4411d7f0 Uncommon trap: trap_request=0xffffffde fr.pc=0x0000023d202fe4ac relative=0x00000000000001ac
Event: 1.013 Thread 0x0000023d4411d7f0 Uncommon trap: reason=class_check action=maybe_recompile pc=0x0000023d202fe4ac method=java.lang.String.equals(Ljava/lang/Object;)Z @ 8 c2
Event: 1.013 Thread 0x0000023d4411d7f0 DEOPT PACKING pc=0x0000023d202fe4ac sp=0x00000093deefd4d0
Event: 1.013 Thread 0x0000023d4411d7f0 DEOPT UNPACKING pc=0x0000023d187a23a3 sp=0x00000093deefd478 mode 2
Event: 1.134 Thread 0x0000023d4411d7f0 Uncommon trap: trap_request=0xffffff45 fr.pc=0x0000023d20300918 relative=0x00000000000000f8
Event: 1.134 Thread 0x0000023d4411d7f0 Uncommon trap: reason=unstable_if action=reinterpret pc=0x0000023d20300918 method=java.lang.StringLatin1.lastIndexOf([BI[BII)I @ 86 c2
Event: 1.134 Thread 0x0000023d4411d7f0 DEOPT PACKING pc=0x0000023d20300918 sp=0x00000093deefcc00
Event: 1.134 Thread 0x0000023d4411d7f0 DEOPT UNPACKING pc=0x0000023d187a23a3 sp=0x00000093deefcb58 mode 2
Event: 1.136 Thread 0x0000023d4411d7f0 Uncommon trap: trap_request=0xffffff45 fr.pc=0x0000023d202fb7c8 relative=0x0000000000000048
Event: 1.136 Thread 0x0000023d4411d7f0 Uncommon trap: reason=unstable_if action=reinterpret pc=0x0000023d202fb7c8 method=java.lang.CharacterData.of(I)Ljava/lang/CharacterData; @ 4 c2
Event: 1.136 Thread 0x0000023d4411d7f0 DEOPT PACKING pc=0x0000023d202fb7c8 sp=0x00000093deefccc0
Event: 1.136 Thread 0x0000023d4411d7f0 DEOPT UNPACKING pc=0x0000023d187a23a3 sp=0x00000093deefcc60 mode 2
Event: 1.151 Thread 0x0000023d4411d7f0 Uncommon trap: trap_request=0xffffff45 fr.pc=0x0000023d20343254 relative=0x00000000000001d4
Event: 1.151 Thread 0x0000023d4411d7f0 Uncommon trap: reason=unstable_if action=reinterpret pc=0x0000023d20343254 method=java.io.ByteArrayInputStream.read()I @ 8 c2
Event: 1.151 Thread 0x0000023d4411d7f0 DEOPT PACKING pc=0x0000023d20343254 sp=0x00000093deefbf30
Event: 1.151 Thread 0x0000023d4411d7f0 DEOPT UNPACKING pc=0x0000023d187a23a3 sp=0x00000093deefbee8 mode 2

Classes unloaded (0 events):
No events

Classes redefined (0 events):
No events

Internal exceptions (20 events):
Event: 0.773 Thread 0x0000023d4411d7f0 Exception <a 'java/lang/NullPointerException'{0x00000005b076b688}> (0x00000005b076b688) 
thrown [s\open\src\hotspot\share\interpreter\linkResolver.cpp, line 1350]
Event: 0.775 Thread 0x0000023d4411d7f0 Exception <a 'java/lang/NoSuchMethodError'{0x00000005b07932f0}: 'void java.lang.invoke.DirectMethodHandle$Holder.invokeSpecial(java.lang.Object, java.lang.Object, java.lang.Object, java.lang.Object, java.lang.Object)'> (0x00000005b07932f0) 
thrown [s\open\src\hotspot\share\interpreter\linkResolver.cpp, line 759]
Event: 0.835 Thread 0x0000023d4411d7f0 Exception <a 'java/lang/NoSuchMethodError'{0x00000005b08ac680}: 'void java.lang.invoke.DirectMethodHandle$Holder.invokeStaticInit(java.lang.Object, java.lang.Object)'> (0x00000005b08ac680) 
thrown [s\open\src\hotspot\share\interpreter\linkResolver.cpp, line 759]
Event: 0.851 Thread 0x0000023d4411d7f0 Exception <a 'java/lang/NoSuchMethodError'{0x00000005b0a3b6a0}: 'void java.lang.invoke.DirectMethodHandle$Holder.invokeSpecial(java.lang.Object, java.lang.Object, java.lang.Object, java.lang.Object, java.lang.Object, java.lang.Object)'> (0x00000005b0a3b6a0) 
thrown [s\open\src\hotspot\share\interpreter\linkResolver.cpp, line 759]
Event: 0.894 Thread 0x0000023d4411d7f0 Exception <a 'sun/nio/fs/WindowsException'{0x00000005b0f77ae0}> (0x00000005b0f77ae0) 
thrown [s\open\src\hotspot\share\prims\jni.cpp, line 516]
Event: 0.906 Thread 0x0000023d4411d7f0 Implicit null exception at 0x0000023d203212d8 to 0x0000023d2032136e
Event: 0.917 Thread 0x0000023d4411d7f0 Implicit null exception at 0x0000023d20344f8b to 0x0000023d20345580
Event: 0.917 Thread 0x0000023d4411d7f0 Implicit null exception at 0x0000023d2034358e to 0x0000023d20343b74
Event: 0.917 Thread 0x0000023d4411d7f0 Implicit null exception at 0x0000023d2030978f to 0x0000023d20309809
Event: 1.031 Thread 0x0000023d4411d7f0 Exception <a 'java/lang/NoSuchMethodError'{0x00000005b06e7828}: 'java.lang.Object java.lang.invoke.DirectMethodHandle$Holder.invokeInterface(java.lang.Object, java.lang.Object, java.lang.Object)'> (0x00000005b06e7828) 
thrown [s\open\src\hotspot\share\interpreter\linkResolver.cpp, line 759]
Event: 1.032 Thread 0x0000023d4411d7f0 Exception <a 'java/lang/IncompatibleClassChangeError'{0x00000005b06eb1b0}: Found class java.lang.Object, but interface was expected> (0x00000005b06eb1b0) 
thrown [s\open\src\hotspot\share\interpreter\linkResolver.cpp, line 826]
Event: 1.080 Thread 0x0000023d4411d7f0 Exception <a 'java/lang/ClassNotFoundException'{0x00000005af225e08}: com/sun/javafx/scene/control/skin/resources/controls> (0x00000005af225e08) 
thrown [s\open\src\hotspot\share\prims\jni.cpp, line 535]
Event: 1.080 Thread 0x0000023d4411d7f0 Exception <a 'java/lang/ClassNotFoundException'{0x00000005af233908}: com/sun/javafx/scene/control/skin/resources/controls_en> (0x00000005af233908) 
thrown [s\open\src\hotspot\share\prims\jni.cpp, line 535]
Event: 1.080 Thread 0x0000023d4411d7f0 Exception <a 'java/lang/ClassNotFoundException'{0x00000005af2348a0}: com/sun/javafx/scene/control/skin/resources/controls_en_US> (0x00000005af2348a0) 
thrown [s\open\src\hotspot\share\prims\jni.cpp, line 535]
Event: 1.205 Thread 0x0000023d4411d7f0 Exception <a 'java/lang/NoSuchMethodError'{0x00000005aea9b300}: 'java.lang.Object java.lang.invoke.DirectMethodHandle$Holder.newInvokeSpecial(java.lang.Object, java.lang.Object, int)'> (0x00000005aea9b300) 
thrown [s\open\src\hotspot\share\interpreter\linkResolver.cpp, line 759]
Event: 1.214 Thread 0x0000023d4411d7f0 Exception <a 'java/lang/NoSuchMethodError'{0x00000005aeab7798}: 'long java.lang.invoke.DirectMethodHandle$Holder.invokeStatic(java.lang.Object, java.lang.Object, java.lang.Object)'> (0x00000005aeab7798) 
thrown [s\open\src\hotspot\share\interpreter\linkResolver.cpp, line 759]
Event: 1.214 Thread 0x0000023d4411d7f0 Exception <a 'java/lang/NoSuchMethodError'{0x00000005aeabaf40}: 'long java.lang.invoke.DirectMethodHandle$Holder.invokeStaticInit(java.lang.Object, java.lang.Object, java.lang.Object)'> (0x00000005aeabaf40) 
thrown [s\open\src\hotspot\share\interpreter\linkResolver.cpp, line 759]
Event: 1.216 Thread 0x0000023d4411d7f0 Exception <a 'java/lang/NoSuchMethodError'{0x00000005aead2b48}: 'java.lang.Object java.lang.invoke.DirectMethodHandle$Holder.newInvokeSpecial(java.lang.Object, java.lang.Object, long)'> (0x00000005aead2b48) 
thrown [s\open\src\hotspot\share\interpreter\linkResolver.cpp, line 759]
Event: 1.216 Thread 0x0000023d4411d7f0 Exception <a 'java/lang/NoSuchMethodError'{0x00000005aead66b8}: 'java.lang.Object java.lang.invoke.Invokers$Holder.linkToTargetMethod(java.lang.Object, long, java.lang.Object)'> (0x00000005aead66b8) 
thrown [s\open\src\hotspot\share\interpreter\linkResolver.cpp, line 759]
Event: 1.236 Thread 0x0000023d43b53fd0 Exception <a 'java/lang/NoSuchMethodError'{0x00000005aecc2ac0}: 'int java.lang.invoke.DirectMethodHandle$Holder.invokeStaticInit(java.lang.Object, java.lang.Object)'> (0x00000005aecc2ac0) 
thrown [s\open\src\hotspot\share\interpreter\linkResolver.cpp, line 759]

VM Operations (18 events):
Event: 0.089 Executing VM operation: HandshakeAllThreads
Event: 0.089 Executing VM operation: HandshakeAllThreads done
Event: 0.089 Executing VM operation: HandshakeAllThreads
Event: 0.089 Executing VM operation: HandshakeAllThreads done
Event: 0.113 Executing VM operation: HandshakeAllThreads
Event: 0.113 Executing VM operation: HandshakeAllThreads done
Event: 0.318 Executing VM operation: HandshakeAllThreads
Event: 0.318 Executing VM operation: HandshakeAllThreads done
Event: 0.780 Executing VM operation: G1CollectForAllocation
Event: 0.783 Executing VM operation: G1CollectForAllocation done
Event: 0.808 Executing VM operation: HandshakeAllThreads
Event: 0.808 Executing VM operation: HandshakeAllThreads done
Event: 1.031 Executing VM operation: ICBufferFull
Event: 1.031 Executing VM operation: ICBufferFull done
Event: 1.136 Executing VM operation: HandshakeAllThreads
Event: 1.136 Executing VM operation: HandshakeAllThreads done
Event: 1.179 Executing VM operation: ICBufferFull
Event: 1.179 Executing VM operation: ICBufferFull done

Events (20 events):
Event: 1.152 loading class jdk/internal/icu/impl/Trie2$UTrie2Header
Event: 1.152 loading class jdk/internal/icu/impl/Trie2$UTrie2Header done
Event: 1.153 loading class jdk/internal/icu/text/UTF16
Event: 1.153 loading class jdk/internal/icu/text/UTF16 done
Event: 1.153 loading class jdk/internal/icu/text/BidiLine
Event: 1.153 loading class jdk/internal/icu/text/BidiLine done
Event: 1.155 loading class java/text/FieldPosition$Delegate
Event: 1.155 loading class java/text/FieldPosition$Delegate done
Event: 1.156 loading class jdk/internal/math/FDBigInteger
Event: 1.156 loading class jdk/internal/math/FDBigInteger done
Event: 1.195 loading class java/util/ConcurrentModificationException
Event: 1.195 loading class java/util/ConcurrentModificationException done
Event: 1.210 loading class java/util/WeakHashMap$EntrySet
Event: 1.211 loading class java/util/WeakHashMap$EntrySet done
Event: 1.211 loading class java/util/WeakHashMap$EntryIterator
Event: 1.211 loading class java/util/WeakHashMap$EntryIterator done
Event: 1.213 loading class java/util/concurrent/ConcurrentLinkedQueue
Event: 1.213 loading class java/util/concurrent/ConcurrentLinkedQueue done
Event: 1.213 loading class java/util/concurrent/ConcurrentLinkedQueue$Node
Event: 1.213 loading class java/util/concurrent/ConcurrentLinkedQueue$Node done


Dynamic libraries:
0x00007ff7d78b0000 - 0x00007ff7d78c0000 	C:\Program Files\Java\jdk-17.0.5\bin\java.exe
0x00007fff8b830000 - 0x00007fff8ba44000 	C:\WINDOWS\SYSTEM32\ntdll.dll
0x00007fff8a670000 - 0x00007fff8a732000 	C:\WINDOWS\System32\KERNEL32.DLL
0x00007fff892a0000 - 0x00007fff8963c000 	C:\WINDOWS\System32\KERNELBASE.dll
0x00007fff88c70000 - 0x00007fff88d81000 	C:\WINDOWS\System32\ucrtbase.dll
0x00007fff82860000 - 0x00007fff82878000 	C:\Program Files\Java\jdk-17.0.5\bin\jli.dll
0x00007fff7a150000 - 0x00007fff7a16a000 	C:\Program Files\Java\jdk-17.0.5\bin\VCRUNTIME140.dll
0x00007fff89b20000 - 0x00007fff89bce000 	C:\WINDOWS\System32\ADVAPI32.dll
0x00007fff898b0000 - 0x00007fff89957000 	C:\WINDOWS\System32\msvcrt.dll
0x00007fff897e0000 - 0x00007fff89884000 	C:\WINDOWS\System32\sechost.dll
0x00007fff8a740000 - 0x00007fff8a857000 	C:\WINDOWS\System32\RPCRT4.dll
0x00007fff8ab50000 - 0x00007fff8acfb000 	C:\WINDOWS\System32\USER32.dll
0x00007fff89160000 - 0x00007fff89186000 	C:\WINDOWS\System32\win32u.dll
0x00007fff769a0000 - 0x00007fff76c2e000 	C:\WINDOWS\WinSxS\amd64_microsoft.windows.common-controls_6595b64144ccf1df_6.0.22621.608_none_a9444ca7c10bb01d\COMCTL32.dll
0x00007fff89cc0000 - 0x00007fff89ce9000 	C:\WINDOWS\System32\GDI32.dll
0x00007fff88d90000 - 0x00007fff88ea3000 	C:\WINDOWS\System32\gdi32full.dll
0x00007fff89190000 - 0x00007fff8922a000 	C:\WINDOWS\System32\msvcp_win.dll
0x00007fff80d90000 - 0x00007fff80d9a000 	C:\WINDOWS\SYSTEM32\VERSION.dll
0x00007fff8a860000 - 0x00007fff8a891000 	C:\WINDOWS\System32\IMM32.DLL
0x00007fff81890000 - 0x00007fff8189c000 	C:\Program Files\Java\jdk-17.0.5\bin\vcruntime140_1.dll
0x00007fff5a7b0000 - 0x00007fff5a83d000 	C:\Program Files\Java\jdk-17.0.5\bin\msvcp140.dll
0x00007ffee54a0000 - 0x00007ffee6062000 	C:\Program Files\Java\jdk-17.0.5\bin\server\jvm.dll
0x00007fff89c50000 - 0x00007fff89c58000 	C:\WINDOWS\System32\PSAPI.DLL
0x00007fff7d3f0000 - 0x00007fff7d3f9000 	C:\WINDOWS\SYSTEM32\WSOCK32.dll
0x00007fff81700000 - 0x00007fff81734000 	C:\WINDOWS\SYSTEM32\WINMM.dll
0x00007fff8aad0000 - 0x00007fff8ab41000 	C:\WINDOWS\System32\WS2_32.dll
0x00007fff87cc0000 - 0x00007fff87cd8000 	C:\WINDOWS\SYSTEM32\kernel.appcore.dll
0x00007fff777a0000 - 0x00007fff777aa000 	C:\Program Files\Java\jdk-17.0.5\bin\jimage.dll
0x00007fff86490000 - 0x00007fff866be000 	C:\WINDOWS\SYSTEM32\DBGHELP.DLL
0x00007fff8aec0000 - 0x00007fff8b249000 	C:\WINDOWS\System32\combase.dll
0x00007fff89cf0000 - 0x00007fff89dc7000 	C:\WINDOWS\System32\OLEAUT32.dll
0x00007fff814d0000 - 0x00007fff81502000 	C:\WINDOWS\SYSTEM32\dbgcore.DLL
0x00007fff89020000 - 0x00007fff8909b000 	C:\WINDOWS\System32\bcryptPrimitives.dll
0x00007fff777c0000 - 0x00007fff777e5000 	C:\Program Files\Java\jdk-17.0.5\bin\java.dll
0x00007fff5a980000 - 0x00007fff5aa56000 	C:\Program Files\Java\jdk-17.0.5\bin\jsvml.dll
0x00007fff89e80000 - 0x00007fff8a670000 	C:\WINDOWS\System32\SHELL32.dll
0x00007fff86c80000 - 0x00007fff8754d000 	C:\WINDOWS\SYSTEM32\windows.storage.dll
0x00007fff86b40000 - 0x00007fff86c7e000 	C:\WINDOWS\SYSTEM32\wintypes.dll
0x00007fff8a9d0000 - 0x00007fff8aac1000 	C:\WINDOWS\System32\SHCORE.dll
0x00007fff8ae00000 - 0x00007fff8ae5e000 	C:\WINDOWS\System32\shlwapi.dll
0x00007fff88ba0000 - 0x00007fff88bc1000 	C:\WINDOWS\SYSTEM32\profapi.dll
0x00007fff6d4a0000 - 0x00007fff6d4b9000 	C:\Program Files\Java\jdk-17.0.5\bin\net.dll
0x00007fff83080000 - 0x00007fff831b7000 	C:\WINDOWS\SYSTEM32\WINHTTP.dll
0x00007fff88180000 - 0x00007fff881e9000 	C:\WINDOWS\system32\mswsock.dll
0x00007fff6d480000 - 0x00007fff6d496000 	C:\Program Files\Java\jdk-17.0.5\bin\nio.dll
0x00007fff6cb20000 - 0x00007fff6cb38000 	C:\Program Files\Java\jdk-17.0.5\bin\zip.dll
0x0000023d10ea0000 - 0x0000023d10ea3000 	C:\Users\ewong\.openjfx\cache\13\api-ms-win-core-console-l1-1-0.dll
0x0000023d42af0000 - 0x0000023d42af3000 	C:\Users\ewong\.openjfx\cache\13\api-ms-win-core-datetime-l1-1-0.dll
0x0000023d42b00000 - 0x0000023d42b03000 	C:\Users\ewong\.openjfx\cache\13\api-ms-win-core-debug-l1-1-0.dll
0x0000023d42b10000 - 0x0000023d42b13000 	C:\Users\ewong\.openjfx\cache\13\api-ms-win-core-errorhandling-l1-1-0.dll
0x0000023d42b20000 - 0x0000023d42b24000 	C:\Users\ewong\.openjfx\cache\13\api-ms-win-core-file-l1-1-0.dll
0x0000023d42b30000 - 0x0000023d42b33000 	C:\Users\ewong\.openjfx\cache\13\api-ms-win-core-file-l1-2-0.dll
0x0000023d42b40000 - 0x0000023d42b43000 	C:\Users\ewong\.openjfx\cache\13\api-ms-win-core-file-l2-1-0.dll
0x0000023d42b50000 - 0x0000023d42b53000 	C:\Users\ewong\.openjfx\cache\13\api-ms-win-core-handle-l1-1-0.dll
0x0000023d42b60000 - 0x0000023d42b63000 	C:\Users\ewong\.openjfx\cache\13\api-ms-win-core-heap-l1-1-0.dll
0x0000023d42b70000 - 0x0000023d42b73000 	C:\Users\ewong\.openjfx\cache\13\api-ms-win-core-interlocked-l1-1-0.dll
0x0000023d42b80000 - 0x0000023d42b83000 	C:\Users\ewong\.openjfx\cache\13\api-ms-win-core-libraryloader-l1-1-0.dll
0x0000023d42b90000 - 0x0000023d42b93000 	C:\Users\ewong\.openjfx\cache\13\api-ms-win-core-localization-l1-2-0.dll
0x0000023d42ba0000 - 0x0000023d42ba3000 	C:\Users\ewong\.openjfx\cache\13\api-ms-win-core-memory-l1-1-0.dll
0x0000023d42bb0000 - 0x0000023d42bb3000 	C:\Users\ewong\.openjfx\cache\13\api-ms-win-core-namedpipe-l1-1-0.dll
0x0000023d42bc0000 - 0x0000023d42bc3000 	C:\Users\ewong\.openjfx\cache\13\api-ms-win-core-processenvironment-l1-1-0.dll
0x0000023d42bd0000 - 0x0000023d42bd3000 	C:\Users\ewong\.openjfx\cache\13\api-ms-win-core-processthreads-l1-1-0.dll
0x0000023d42be0000 - 0x0000023d42be3000 	C:\Users\ewong\.openjfx\cache\13\api-ms-win-core-processthreads-l1-1-1.dll
0x0000023d42bf0000 - 0x0000023d42bf3000 	C:\Users\ewong\.openjfx\cache\13\api-ms-win-core-profile-l1-1-0.dll
0x0000023d44bd0000 - 0x0000023d44bd3000 	C:\Users\ewong\.openjfx\cache\13\api-ms-win-core-rtlsupport-l1-1-0.dll
0x0000023d44be0000 - 0x0000023d44be3000 	C:\Users\ewong\.openjfx\cache\13\api-ms-win-core-string-l1-1-0.dll
0x0000023d44bf0000 - 0x0000023d44bf3000 	C:\Users\ewong\.openjfx\cache\13\api-ms-win-core-synch-l1-1-0.dll
0x0000023d44c00000 - 0x0000023d44c03000 	C:\Users\ewong\.openjfx\cache\13\api-ms-win-core-synch-l1-2-0.dll
0x0000023d44c10000 - 0x0000023d44c13000 	C:\Users\ewong\.openjfx\cache\13\api-ms-win-core-sysinfo-l1-1-0.dll
0x0000023d44c20000 - 0x0000023d44c23000 	C:\Users\ewong\.openjfx\cache\13\api-ms-win-core-timezone-l1-1-0.dll
0x0000023d44c30000 - 0x0000023d44c33000 	C:\Users\ewong\.openjfx\cache\13\api-ms-win-core-util-l1-1-0.dll
0x0000023d44d60000 - 0x0000023d44d63000 	C:\Users\ewong\.openjfx\cache\13\api-ms-win-crt-conio-l1-1-0.dll
0x0000023d44d70000 - 0x0000023d44d74000 	C:\Users\ewong\.openjfx\cache\13\api-ms-win-crt-convert-l1-1-0.dll
0x0000023d44d80000 - 0x0000023d44d83000 	C:\Users\ewong\.openjfx\cache\13\api-ms-win-crt-environment-l1-1-0.dll
0x0000023d44d90000 - 0x0000023d44d93000 	C:\Users\ewong\.openjfx\cache\13\api-ms-win-crt-filesystem-l1-1-0.dll
0x0000023d44da0000 - 0x0000023d44da3000 	C:\Users\ewong\.openjfx\cache\13\api-ms-win-crt-heap-l1-1-0.dll
0x0000023d44db0000 - 0x0000023d44db3000 	C:\Users\ewong\.openjfx\cache\13\api-ms-win-crt-locale-l1-1-0.dll
0x0000023d44dc0000 - 0x0000023d44dc5000 	C:\Users\ewong\.openjfx\cache\13\api-ms-win-crt-math-l1-1-0.dll
0x0000023d44f00000 - 0x0000023d44f05000 	C:\Users\ewong\.openjfx\cache\13\api-ms-win-crt-multibyte-l1-1-0.dll
0x0000023d44f10000 - 0x0000023d44f20000 	C:\Users\ewong\.openjfx\cache\13\api-ms-win-crt-private-l1-1-0.dll
0x0000023d44f20000 - 0x0000023d44f23000 	C:\Users\ewong\.openjfx\cache\13\api-ms-win-crt-process-l1-1-0.dll
0x0000023d44f30000 - 0x0000023d44f34000 	C:\Users\ewong\.openjfx\cache\13\api-ms-win-crt-runtime-l1-1-0.dll
0x0000023d44f40000 - 0x0000023d44f44000 	C:\Users\ewong\.openjfx\cache\13\api-ms-win-crt-stdio-l1-1-0.dll
0x0000023d44f50000 - 0x0000023d44f54000 	C:\Users\ewong\.openjfx\cache\13\api-ms-win-crt-string-l1-1-0.dll
0x0000023d44f60000 - 0x0000023d44f63000 	C:\Users\ewong\.openjfx\cache\13\api-ms-win-crt-time-l1-1-0.dll
0x0000023d44dd0000 - 0x0000023d44dd3000 	C:\Users\ewong\.openjfx\cache\13\api-ms-win-crt-utility-l1-1-0.dll
0x00007fff77b20000 - 0x00007fff77c1c000 	C:\Users\ewong\.openjfx\cache\13\ucrtbase.dll
0x00007fff7dc70000 - 0x00007fff7dc85000 	C:\Users\ewong\.openjfx\cache\13\vcruntime140.dll
0x00007fff77d00000 - 0x00007fff77d9b000 	C:\Users\ewong\.openjfx\cache\13\msvcp140.dll
0x00007fff778b0000 - 0x00007fff77901000 	C:\Users\ewong\.openjfx\cache\13\concrt140.dll
0x00007fff7db30000 - 0x00007fff7db53000 	C:\Users\ewong\.openjfx\cache\13\prism_d3d.dll
0x00007fff7d530000 - 0x00007fff7d6d9000 	C:\WINDOWS\system32\d3d9.dll
0x00007fff861c0000 - 0x00007fff861eb000 	C:\WINDOWS\SYSTEM32\dwmapi.dll
0x00007fff86070000 - 0x00007fff860a6000 	C:\WINDOWS\SYSTEM32\dxcore.dll
0x00007fff85f70000 - 0x00007fff8601b000 	C:\WINDOWS\system32\uxtheme.dll
0x00007fff79f90000 - 0x00007fff7a14b000 	C:\WINDOWS\System32\DriverStore\FileRepository\u0383631.inf_amd64_8d3aff5a8cf9998e\B382773\aticfx64.dll
0x00007fff7baf0000 - 0x00007fff7bb24000 	C:\WINDOWS\System32\DriverStore\FileRepository\u0383631.inf_amd64_8d3aff5a8cf9998e\B382773\atiu9p64.dll
0x00007ffef89f0000 - 0x00007ffef9745000 	C:\WINDOWS\System32\DriverStore\FileRepository\u0383631.inf_amd64_8d3aff5a8cf9998e\B382773\atiumd64.dll
0x00007fff89640000 - 0x00007fff897dc000 	C:\WINDOWS\System32\ole32.dll
0x00000000696c0000 - 0x000000006a5e7000 	C:\WINDOWS\System32\DriverStore\FileRepository\u0383631.inf_amd64_8d3aff5a8cf9998e\B382773\atiumd6a.dll
0x00007fff8b360000 - 0x00007fff8b7d4000 	C:\WINDOWS\System32\SETUPAPI.dll
0x00007fff88460000 - 0x00007fff884ad000 	C:\WINDOWS\SYSTEM32\POWRPROF.dll
0x00007fff88410000 - 0x00007fff88423000 	C:\WINDOWS\SYSTEM32\UMPDC.dll
0x00007fff77c20000 - 0x00007fff77c55000 	C:\WINDOWS\SYSTEM32\amdihk64.dll
0x00007fff7e5d0000 - 0x00007fff7e618000 	C:\WINDOWS\SYSTEM32\directxdatabasehelper.dll
0x00007fff77860000 - 0x00007fff778a5000 	C:\Users\ewong\.openjfx\cache\13\glass.dll
0x00007fff8ad00000 - 0x00007fff8adf7000 	C:\WINDOWS\System32\COMDLG32.dll
0x00007fff4a4a0000 - 0x00007fff4a5d1000 	C:\ProgramData\A-Volute\DellInc.AlienwareSoundCenter\Modules\ScheduledModules\x64\AudioDevProps2.dll
0x00007fff58990000 - 0x00007fff58a3e000 	C:\ProgramData\A-Volute\DellInc.AlienwareSoundCenter\Modules\ScheduledModules\x64\NahimicOSD.dll
0x00007fff58a80000 - 0x00007fff58aa1000 	C:\ProgramData\A-Volute\DellInc.AlienwareSoundCenter\Modules\ScheduledModules\x64\ProductInfo.dll
0x00007fff8a8b0000 - 0x00007fff8a9ce000 	C:\WINDOWS\System32\MSCTF.dll
0x00007fff7d330000 - 0x00007fff7d344000 	C:\Users\ewong\.openjfx\cache\13\javafx_font.dll
0x00007fff77dd0000 - 0x00007fff77dfc000 	C:\Users\ewong\.openjfx\cache\13\javafx_iio.dll
0x00007fff84c00000 - 0x00007fff84e67000 	C:\WINDOWS\SYSTEM32\dwrite.dll
0x00007fff89dd0000 - 0x00007fff89e80000 	C:\WINDOWS\System32\clbcatq.dll
0x00007fff847f0000 - 0x00007fff849a0000 	C:\WINDOWS\SYSTEM32\WindowsCodecs.dll
0x00007fff66070000 - 0x00007fff660ce000 	C:\WINDOWS\system32\dataexchange.dll
0x00007fff80e90000 - 0x00007fff810fa000 	C:\WINDOWS\system32\twinapi.appcore.dll
0x00007fff77820000 - 0x00007fff77852000 	C:\Program Files\Common Files\Microsoft Shared\Ink\rtscom.dll
0x00007fff71f20000 - 0x00007fff7204e000 	C:\WINDOWS\SYSTEM32\textinputframework.dll
0x00007fff85c00000 - 0x00007fff85d33000 	C:\WINDOWS\SYSTEM32\CoreMessaging.dll
0x00007fff7ca60000 - 0x00007fff7cdcc000 	C:\WINDOWS\SYSTEM32\CoreUIComponents.dll
0x00007fff88450000 - 0x00007fff8845c000 	C:\WINDOWS\SYSTEM32\CRYPTBASE.DLL

dbghelp: loaded successfully - version: 4.0.5 - missing functions: none
symbol engine: initialized successfully - sym options: 0x614 - pdb path: .;C:\Program Files\Java\jdk-17.0.5\bin;C:\WINDOWS\SYSTEM32;C:\WINDOWS\WinSxS\amd64_microsoft.windows.common-controls_6595b64144ccf1df_6.0.22621.608_none_a9444ca7c10bb01d;C:\Program Files\Java\jdk-17.0.5\bin\server;C:\Users\ewong\.openjfx\cache\13;C:\WINDOWS\System32\DriverStore\FileRepository\u0383631.inf_amd64_8d3aff5a8cf9998e\B382773;C:\ProgramData\A-Volute\DellInc.AlienwareSoundCenter\Modules\ScheduledModules\x64;C:\Program Files\Common Files\Microsoft Shared\Ink

VM Arguments:
jvm_args: -XX:+ShowCodeDetailsInExceptionMessages --module-path=C:\Users\ewong\Desktop\Github Tests\ctis310finalproject\target\classes;C:\Users\ewong\.m2\repository\org\openjfx\javafx-controls\13\javafx-controls-13-win.jar;C:\Users\ewong\.m2\repository\org\openjfx\javafx-graphics\13\javafx-graphics-13-win.jar;C:\Users\ewong\.m2\repository\org\openjfx\javafx-base\13\javafx-base-13-win.jar;C:\Users\ewong\.m2\repository\org\openjfx\javafx-fxml\13\javafx-fxml-13-win.jar -Djdk.module.main=com.example 
java_command: com.example/edu.guilford.CarFX
java_class_path (initial): C:\Users\ewong\.m2\repository\org\openjfx\javafx-controls\13\javafx-controls-13.jar;C:\Users\ewong\.m2\repository\org\openjfx\javafx-graphics\13\javafx-graphics-13.jar;C:\Users\ewong\.m2\repository\org\openjfx\javafx-base\13\javafx-base-13.jar;C:\Users\ewong\.m2\repository\org\openjfx\javafx-fxml\13\javafx-fxml-13.jar
Launcher Type: SUN_STANDARD

[Global flags]
     intx CICompilerCount                          = 12                                        {product} {ergonomic}
     uint ConcGCThreads                            = 3                                         {product} {ergonomic}
     uint G1ConcRefinementThreads                  = 13                                        {product} {ergonomic}
   size_t G1HeapRegionSize                         = 8388608                                   {product} {ergonomic}
    uintx GCDrainStackTargetSize                   = 64                                        {product} {ergonomic}
   size_t InitialHeapSize                          = 662700032                                 {product} {ergonomic}
   size_t MarkStackSize                            = 4194304                                   {product} {ergonomic}
   size_t MaxHeapSize                              = 10569646080                               {product} {ergonomic}
   size_t MaxNewSize                               = 6341787648                                {product} {ergonomic}
   size_t MinHeapDeltaBytes                        = 8388608                                   {product} {ergonomic}
   size_t MinHeapSize                              = 8388608                                   {product} {ergonomic}
    uintx NonNMethodCodeHeapSize                   = 7602480                                {pd product} {ergonomic}
    uintx NonProfiledCodeHeapSize                  = 122027880                              {pd product} {ergonomic}
    uintx ProfiledCodeHeapSize                     = 122027880                              {pd product} {ergonomic}
    uintx ReservedCodeCacheSize                    = 251658240                              {pd product} {ergonomic}
     bool SegmentedCodeCache                       = true                                      {product} {ergonomic}
     bool ShowCodeDetailsInExceptionMessages       = true                                   {manageable} {command line}
   size_t SoftMaxHeapSize                          = 10569646080                            {manageable} {ergonomic}
     bool UseCompressedClassPointers               = true                           {product lp64_product} {ergonomic}
     bool UseCompressedOops                        = true                           {product lp64_product} {ergonomic}
     bool UseG1GC                                  = true                                      {product} {ergonomic}
     bool UseLargePagesIndividualAllocation        = false                                  {pd product} {ergonomic}

Logging:
Log output configuration:
 #0: stdout all=warning uptime,level,tags
 #1: stderr all=off uptime,level,tags

Environment Variables:
PATH=C:\Program Files\Common Files\Oracle\Java\javapath;C:\Program Files\Oculus\Support\oculus-runtime;C:\Windows\system32;C:\Windows;C:\Windows\System32\Wbem;C:\Windows\System32\WindowsPowerShell\v1.0\;C:\Windows\System32\OpenSSH\;C:\Program Files\dotnet\;C:\Program Files (x86)\NVIDIA Corporation\PhysX\Common;C:\Program Files\NVIDIA Corporation\NVIDIA NvDLISR;C:\WINDOWS\system32;C:\WINDOWS;C:\WINDOWS\System32\Wbem;C:\WINDOWS\System32\WindowsPowerShell\v1.0\;C:\WINDOWS\System32\OpenSSH\;C:\Program Files\Git\cmd;C:\Users\ewong\AppData\Local\Microsoft\WindowsApps;C:\Users\ewong\AppData\Local\Programs\Microsoft VS Code\bin;C:\Users\ewong\AppData\Local\GitHubDesktop\bin
USERNAME=ewong
LANG=en_US.UTF-8
OS=Windows_NT
PROCESSOR_IDENTIFIER=AMD64 Family 25 Model 80 Stepping 0, AuthenticAMD



---------------  S Y S T E M  ---------------

OS:
 Windows 11 , 64 bit Build 22621 (10.0.22621.1485)
OS uptime: 1 days 4:22 hours

CPU: total 16 (initial active 16) (16 cores per cpu, 2 threads per core) family 25 model 80 stepping 0 microcode 0x0, cx8, cmov, fxsr, ht, mmx, 3dnowpref, sse, sse2, sse3, ssse3, sse4a, sse4.1, sse4.2, popcnt, lzcnt, tsc, tscinvbit, avx, avx2, aes, erms, clmul, bmi1, bmi2, adx, sha, fma, vzeroupper, clflush, clflushopt

Memory: 4k page, system-wide physical 40296M (21225M free)
TotalPageFile size 43240M (AvailPageFile size 4M)
current process WorkingSet (physical memory assigned to process): 156M, peak: 156M
current process commit charge ("private bytes"): 833M, peak: 834M

vm_info: Java HotSpot(TM) 64-Bit Server VM (17.0.5+9-LTS-191) for windows-amd64 JRE (17.0.5+9-LTS-191), built on Sep 13 2022 17:31:43 by "mach5one" with MS VC++ 16.8 / 16.9 (VS2019)

END.
